<?xml version="1.0" encoding="UTF-8"?>
<!-- Generated by org.testng.reporters.JUnitXMLReporter -->
<testsuite ignored="0" hostname="LAPTOP-0TH2U9N4" failures="0" tests="3" name="Default test" time="6.022" errors="0" timestamp="2026-02-15T23:02:49 IST">
  <testcase classname="qa.acme.tests.LoginPageTest" name="loginPageTitleTest" time="0.095"/>
  <testcase classname="qa.acme.tests.LoginPageTest" name="loginPageURLTest" time="0.031"/>
  <testcase classname="qa.acme.tests.LoginPageTest" name="appLogoExistTest" time="0.073"/>
</testsuite> <!-- Default test -->
