<?xml version="1.0" encoding="UTF-8"?>
<testng-results ignored="0" total="5" passed="5" failed="0" skipped="0">
  <reporter-output>
  </reporter-output>
  <suite started-at="2026-02-17T23:18:17 IST" name="AcmeSuite" finished-at="2026-02-17T23:18:25 IST" duration-ms="8917">
    <groups>
    </groups>
    <test started-at="2026-02-17T23:18:17 IST" name="AcmeTest" finished-at="2026-02-17T23:18:25 IST" duration-ms="8917">
      <class name="qa.acme.tests.LoginPageTest">
        <test-method is-config="true" signature="setup()[pri:0, instance:qa.acme.tests.LoginPageTest@25ddbbbb]" started-at="2026-02-17T23:18:17 IST" name="setup" finished-at="2026-02-17T23:18:21 IST" duration-ms="3924" status="PASS">
          <reporter-output>
          </reporter-output>
        </test-method> <!-- setup -->
        <test-method signature="loginPageTitleTest()[pri:1, instance:qa.acme.tests.LoginPageTest@25ddbbbb]" started-at="2026-02-17T23:18:21 IST" name="loginPageTitleTest" finished-at="2026-02-17T23:18:21 IST" duration-ms="84" status="PASS">
          <reporter-output>
          </reporter-output>
        </test-method> <!-- loginPageTitleTest -->
        <test-method signature="loginPageURLTest()[pri:2, instance:qa.acme.tests.LoginPageTest@25ddbbbb]" started-at="2026-02-17T23:18:21 IST" name="loginPageURLTest" finished-at="2026-02-17T23:18:21 IST" duration-ms="21" status="PASS">
          <reporter-output>
          </reporter-output>
        </test-method> <!-- loginPageURLTest -->
        <test-method signature="fogotPwdLinkExistTest()[pri:3, instance:qa.acme.tests.LoginPageTest@25ddbbbb]" started-at="2026-02-17T23:18:21 IST" name="fogotPwdLinkExistTest" finished-at="2026-02-17T23:18:21 IST" duration-ms="63" status="PASS">
          <reporter-output>
          </reporter-output>
        </test-method> <!-- fogotPwdLinkExistTest -->
        <test-method signature="appLogoExistTest()[pri:4, instance:qa.acme.tests.LoginPageTest@25ddbbbb]" started-at="2026-02-17T23:18:21 IST" name="appLogoExistTest" finished-at="2026-02-17T23:18:21 IST" duration-ms="42" status="PASS">
          <reporter-output>
          </reporter-output>
        </test-method> <!-- appLogoExistTest -->
        <test-method signature="doLoginTest()[pri:5, instance:qa.acme.tests.LoginPageTest@25ddbbbb]" started-at="2026-02-17T23:18:21 IST" name="doLoginTest" finished-at="2026-02-17T23:18:25 IST" duration-ms="4361" status="PASS">
          <reporter-output>
          </reporter-output>
        </test-method> <!-- doLoginTest -->
        <test-method is-config="true" signature="tearDown()[pri:0, instance:qa.acme.tests.LoginPageTest@25ddbbbb]" started-at="2026-02-17T23:18:25 IST" name="tearDown" finished-at="2026-02-17T23:18:25 IST" duration-ms="280" status="PASS">
          <reporter-output>
          </reporter-output>
        </test-method> <!-- tearDown -->
      </class> <!-- qa.acme.tests.LoginPageTest -->
    </test> <!-- AcmeTest -->
  </suite> <!-- AcmeSuite -->
</testng-results>
