<?xml version="1.0" encoding="UTF-8"?>
<!-- Generated by org.testng.reporters.JUnitXMLReporter -->
<testsuite ignored="0" hostname="LAPTOP-0TH2U9N4" failures="0" tests="5" name="AcmeTest" time="8.917" errors="0" timestamp="2026-02-17T23:18:26 IST">
  <testcase classname="qa.acme.tests.LoginPageTest" name="loginPageTitleTest" time="0.084"/>
  <testcase classname="qa.acme.tests.LoginPageTest" name="loginPageURLTest" time="0.021"/>
  <testcase classname="qa.acme.tests.LoginPageTest" name="fogotPwdLinkExistTest" time="0.063"/>
  <testcase classname="qa.acme.tests.LoginPageTest" name="appLogoExistTest" time="0.042"/>
  <testcase classname="qa.acme.tests.LoginPageTest" name="doLoginTest" time="4.361"/>
</testsuite> <!-- AcmeTest -->
