<?xml version="1.0" encoding="UTF-8"?>
<!-- Generated by org.testng.reporters.JUnitXMLReporter -->
<testsuite ignored="0" hostname="LAPTOP-0TH2U9N4" failures="1" tests="5" name="AcmeTest" time="4.578" errors="0" timestamp="2026-02-17T09:04:01 IST">
  <testcase classname="qa.acme.tests.LoginPageTest" name="loginPageTitleTest" time="0.083"/>
  <testcase classname="qa.acme.tests.LoginPageTest" name="loginPageURLTest" time="0.016"/>
  <testcase classname="qa.acme.tests.LoginPageTest" name="fogotPwdLinkExistTest" time="0.067">
    <skipped/>
  </testcase> <!-- fogotPwdLinkExistTest -->
  <testcase classname="qa.acme.tests.LoginPageTest" name="fogotPwdLinkExistTest" time="0.041">
    <failure type="java.lang.AssertionError" message="expected [false] but found [true]">
      <![CDATA[java.lang.AssertionError: expected [false] but found [true]
at qa.acme.tests.LoginPageTest.fogotPwdLinkExistTest(LoginPageTest.java:26)
at java.base/java.util.ArrayList.forEach(ArrayList.java:1511)
... Removed 31 stack frames]]>
    </failure>
  </testcase> <!-- fogotPwdLinkExistTest -->
  <testcase classname="qa.acme.tests.LoginPageTest" name="appLogoExistTest" time="0.065"/>
</testsuite> <!-- AcmeTest -->
