<?xml version="1.0" encoding="UTF-8"?>
<!-- Generated by org.testng.reporters.JUnitReportReporter -->
<testsuite hostname="LAPTOP-0TH2U9N4" failures="0" tests="5" name="qa.acme.tests.LoginPageTest" time="4.571" errors="0" timestamp="2026-02-17T23:18:26 IST" skipped="0">
  <testcase classname="qa.acme.tests.LoginPageTest" name="loginPageTitleTest" time="0.084"/>
  <system-out/>
  <testcase classname="qa.acme.tests.LoginPageTest" name="loginPageURLTest" time="0.021"/>
  <system-out/>
  <testcase classname="qa.acme.tests.LoginPageTest" name="fogotPwdLinkExistTest" time="0.063"/>
  <system-out/>
  <testcase classname="qa.acme.tests.LoginPageTest" name="appLogoExistTest" time="0.042"/>
  <system-out/>
  <testcase classname="qa.acme.tests.LoginPageTest" name="doLoginTest" time="4.361"/>
  <system-out/>
</testsuite> <!-- qa.acme.tests.LoginPageTest -->
